2024-10-30 07:59:44,870 [INFO ] com.dilip.step_definition.Common_Step_def [main] Execution Started
2024-10-30 07:59:44,888 [INFO ] com.dilip.step_definition.Common_Step_def [main] Instation the COmmon Utils
2024-10-30 07:59:44,888 [INFO ] com.dilip.step_definition.Common_Step_def [main] Loding the Prop File
2024-10-30 07:59:44,893 [INFO ] com.dilip.step_definition.Common_Step_def [main] Checking the driver is null or not
2024-10-30 07:59:44,893 [INFO ] com.dilip.step_definition.Common_Step_def [main] DRIVER is Null. Instanting is it!
2024-10-30 07:59:44,953 [INFO ] com.dilip.webdriver_manager.DriverManager [main] Launchingchrome
2024-10-30 07:59:52,909 [INFO ] com.dilip.step_definition.Verify_NSWS_Login_Step_Def [main] The User Landed NSWS Home Page
2024-10-30 07:59:53,180 [INFO ] com.dilip.step_definition.Verify_NSWS_Login_Step_Def [main] Pop are Closed
2024-10-30 07:59:53,408 [INFO ] com.dilip.step_definition.Verify_NSWS_Login_Step_Def [main] Mouse Over into Login Feature
2024-10-30 07:59:54,476 [INFO ] com.dilip.step_definition.Verify_NSWS_Login_Step_Def [main] Bussiness Login is Clicked
2024-10-30 07:59:55,866 [INFO ] com.dilip.step_definition.Verify_NSWS_Login_Step_Def [main] UserName entered correctly
2024-10-30 07:59:56,014 [INFO ] com.dilip.step_definition.Verify_NSWS_Login_Step_Def [main] Password Entered Correctly
2024-10-30 07:59:56,167 [INFO ] com.dilip.step_definition.Verify_NSWS_Login_Step_Def [main] The User Logged in Succesfully
2024-10-30 07:59:56,191 [INFO ] com.dilip.step_definition.Common_Step_def [main] Execution Started
2024-10-30 07:59:56,191 [INFO ] com.dilip.step_definition.Common_Step_def [main] Instation the COmmon Utils
2024-10-30 07:59:56,191 [INFO ] com.dilip.step_definition.Common_Step_def [main] Loding the Prop File
2024-10-30 07:59:56,198 [INFO ] com.dilip.step_definition.Common_Step_def [main] Checking the driver is null or not
2024-10-30 07:59:56,202 [INFO ] com.dilip.step_definition.Verify_NSWS_Dashboard_step_def [main] Succesful on second Feature
2024-10-30 08:00:23,327 [INFO ] com.dilip.step_definition.Verify_NSWS_Dashboard_step_def [main] Mouse Over action to be peroming
2024-10-30 08:17:07,169 [INFO ] com.dilip.step_definition.Common_Step_def [main] Execution Started
2024-10-30 08:17:07,174 [INFO ] com.dilip.step_definition.Common_Step_def [main] Instation the COmmon Utils
2024-10-30 08:17:07,175 [INFO ] com.dilip.step_definition.Common_Step_def [main] Loding the Prop File
2024-10-30 08:17:07,181 [INFO ] com.dilip.step_definition.Common_Step_def [main] Checking the driver is null or not
2024-10-30 08:17:07,183 [INFO ] com.dilip.step_definition.Common_Step_def [main] DRIVER is Null. Instanting is it!
2024-10-30 08:17:07,238 [INFO ] com.dilip.webdriver_manager.DriverManager [main] Launchingchrome
2024-10-30 08:17:12,975 [INFO ] com.dilip.step_definition.Verify_NSWS_Login_Step_Def [main] The User Landed NSWS Home Page
2024-10-30 08:17:13,599 [INFO ] com.dilip.step_definition.Verify_NSWS_Login_Step_Def [main] Pop are Closed
2024-10-30 08:17:13,910 [INFO ] com.dilip.step_definition.Verify_NSWS_Login_Step_Def [main] Mouse Over into Login Feature
2024-10-30 08:17:15,070 [INFO ] com.dilip.step_definition.Verify_NSWS_Login_Step_Def [main] Bussiness Login is Clicked
2024-10-30 08:17:16,408 [INFO ] com.dilip.step_definition.Verify_NSWS_Login_Step_Def [main] UserName entered correctly
2024-10-30 08:17:16,563 [INFO ] com.dilip.step_definition.Verify_NSWS_Login_Step_Def [main] Password Entered Correctly
2024-10-30 08:17:16,726 [INFO ] com.dilip.step_definition.Verify_NSWS_Login_Step_Def [main] The User Logged in Succesfully
2024-10-30 08:17:16,775 [INFO ] com.dilip.step_definition.Common_Step_def [main] Execution Started
2024-10-30 08:17:16,776 [INFO ] com.dilip.step_definition.Common_Step_def [main] Instation the COmmon Utils
2024-10-30 08:17:16,776 [INFO ] com.dilip.step_definition.Common_Step_def [main] Loding the Prop File
2024-10-30 08:17:16,780 [INFO ] com.dilip.step_definition.Common_Step_def [main] Checking the driver is null or not
2024-10-30 08:17:16,783 [INFO ] com.dilip.step_definition.Verify_NSWS_Dashboard_step_def [main] Succesful on second Feature
2024-10-30 08:17:44,490 [INFO ] com.dilip.step_definition.Verify_NSWS_Dashboard_step_def [main] Mouse Over action to be peroming
